f:\os2lab-test\os2lab1\debug\os2lab1.pch
f:\os2lab-test\os2lab1\debug\vc120.pdb
f:\os2lab-test\os2lab1\debug\vc120.idb
f:\os2lab-test\os2lab1\debug\stdafx.obj
f:\os2lab-test\os2lab1\debug\os2lab1.obj
c:\users\user\desktop\os2lab1\debug\os2lab1.ilk
c:\users\user\desktop\os2lab1\debug\os2lab1.exe
c:\users\user\desktop\os2lab1\debug\os2lab1.pdb
c:\users\user\desktop\os2lab-test\debug\os2lab1.ilk
c:\users\user\desktop\os2lab-test\debug\os2lab1.exe
c:\users\user\desktop\os2lab-test\debug\os2lab1.pdb
f:\os2lab-test\debug\os2lab1.ilk
f:\os2lab-test\debug\os2lab1.exe
f:\os2lab-test\debug\os2lab1.pdb
f:\os2lab-test\os2lab1\debug\os2lab1.res
f:\os2lab-test\os2lab1\debug\os2lab1.tlog\cl.command.1.tlog
f:\os2lab-test\os2lab1\debug\os2lab1.tlog\cl.read.1.tlog
f:\os2lab-test\os2lab1\debug\os2lab1.tlog\cl.write.1.tlog
f:\os2lab-test\os2lab1\debug\os2lab1.tlog\link.command.1.tlog
f:\os2lab-test\os2lab1\debug\os2lab1.tlog\link.read.1.tlog
f:\os2lab-test\os2lab1\debug\os2lab1.tlog\link.write.1.tlog
f:\os2lab-test\os2lab1\debug\os2lab1.tlog\rc.command.1.tlog
f:\os2lab-test\os2lab1\debug\os2lab1.tlog\rc.read.1.tlog
f:\os2lab-test\os2lab1\debug\os2lab1.tlog\rc.write.1.tlog
